[ 2023-09-10 17:13:08,326 ] 26 root - INFO - Entered the data ingestion method or component 
[ 2023-09-10 17:13:08,330 ] 29 root - INFO - read the dataset as dataframe 
[ 2023-09-10 17:13:08,332 ] 38 root - INFO - Train test split initiated 
[ 2023-09-10 17:13:08,336 ] 45 root - INFO - ingestion of data completed 
[ 2023-09-10 17:13:08,337 ] 68 root - INFO - read train and test data completed 
[ 2023-09-10 17:13:08,337 ] 70 root - INFO - obtaining preprocessing object 
[ 2023-09-10 17:13:08,337 ] 44 root - INFO - numerical columns: ['writing_score', 'reading_score'] 
[ 2023-09-10 17:13:08,337 ] 51 root - INFO - categorical columns: ['gender', 'race_ethnicity', 'parental_level_of_education', 'lunch', 'test_preparation_course'] 
[ 2023-09-10 17:13:08,338 ] 81 root - INFO - applying preprocessing object on training and testing dataframe 
[ 2023-09-10 17:13:08,346 ] 100 root - INFO - saved preprocessing object. 
[ 2023-09-10 17:13:08,346 ] 29 root - INFO - spliting training and test input data 
[ 2023-09-10 17:13:08,346 ] 49 root - INFO - training models 
[ 2023-09-10 17:13:08,346 ] 32 root - INFO - training started 
[ 2023-09-10 17:13:08,358 ] 32 root - INFO - training started 
[ 2023-09-10 17:13:08,453 ] 32 root - INFO - training started 
[ 2023-09-10 17:13:08,540 ] 32 root - INFO - training started 
[ 2023-09-10 17:13:08,574 ] 32 root - INFO - training started 
[ 2023-09-10 17:13:08,579 ] 32 root - INFO - training started 
[ 2023-09-10 17:13:08,706 ] 32 root - INFO - training started 
[ 2023-09-10 17:13:08,878 ] 53 root - INFO - model trained 
